  [1m[35m (93.4ms)[0m  [1m[35mCREATE TABLE "schema_migrations" ("version" varchar NOT NULL PRIMARY KEY)[0m
  [1m[35m (89.4ms)[0m  [1m[35mCREATE TABLE "ar_internal_metadata" ("key" varchar NOT NULL PRIMARY KEY, "value" varchar, "created_at" datetime(6) NOT NULL, "updated_at" datetime(6) NOT NULL)[0m
  [1m[36mActiveRecord::SchemaMigration Pluck (0.4ms)[0m  [1m[34mSELECT "schema_migrations"."version" FROM "schema_migrations" ORDER BY "schema_migrations"."version" ASC[0m
Migrating to CreateHeros (20230327033652)
  [1m[36mTRANSACTION (0.2ms)[0m  [1m[36mbegin transaction[0m
  [1m[35m (0.7ms)[0m  [1m[35mCREATE TABLE "heros" ("id" integer PRIMARY KEY AUTOINCREMENT NOT NULL, "name" varchar NOT NULL, "super_name" varchar NOT NULL, "created_at" datetime(6) NOT NULL, "updated_at" datetime(6) NOT NULL)[0m
  [1m[36mActiveRecord::SchemaMigration Create (0.2ms)[0m  [1m[32mINSERT INTO "schema_migrations" ("version") VALUES (?)[0m  [["version", "20230327033652"]]
  [1m[36mTRANSACTION (100.3ms)[0m  [1m[36mcommit transaction[0m
Migrating to CreatePowers (20230327033957)
  [1m[36mTRANSACTION (0.2ms)[0m  [1m[36mbegin transaction[0m
  [1m[35m (0.8ms)[0m  [1m[35mCREATE TABLE "powers" ("id" integer PRIMARY KEY AUTOINCREMENT NOT NULL, "name" varchar NOT NULL, "description" text NOT NULL, "created_at" datetime(6) NOT NULL, "updated_at" datetime(6) NOT NULL)[0m
  [1m[36mActiveRecord::SchemaMigration Create (0.5ms)[0m  [1m[32mINSERT INTO "schema_migrations" ("version") VALUES (?)[0m  [["version", "20230327033957"]]
  [1m[36mTRANSACTION (83.5ms)[0m  [1m[36mcommit transaction[0m
Migrating to CreateHeroPowers (20230327034404)
  [1m[36mTRANSACTION (0.2ms)[0m  [1m[36mbegin transaction[0m
  [1m[35m (0.6ms)[0m  [1m[35mCREATE TABLE "hero_powers" ("id" integer PRIMARY KEY AUTOINCREMENT NOT NULL, "strength" varchar NOT NULL, "hero_id" integer NOT NULL, "power_id" integer NOT NULL, "created_at" datetime(6) NOT NULL, "updated_at" datetime(6) NOT NULL, CONSTRAINT "fk_rails_a064e6fddd"
FOREIGN KEY ("hero_id")
  REFERENCES "heros" ("id")
, CONSTRAINT "fk_rails_1e7d81986f"
FOREIGN KEY ("power_id")
  REFERENCES "powers" ("id")
)[0m
  [1m[35m (0.2ms)[0m  [1m[35mCREATE INDEX "index_hero_powers_on_hero_id" ON "hero_powers" ("hero_id")[0m
  [1m[35m (0.2ms)[0m  [1m[35mCREATE INDEX "index_hero_powers_on_power_id" ON "hero_powers" ("power_id")[0m
  [1m[36mActiveRecord::SchemaMigration Create (0.3ms)[0m  [1m[32mINSERT INTO "schema_migrations" ("version") VALUES (?)[0m  [["version", "20230327034404"]]
  [1m[36mTRANSACTION (83.9ms)[0m  [1m[36mcommit transaction[0m
  [1m[36mActiveRecord::InternalMetadata Load (0.3ms)[0m  [1m[34mSELECT "ar_internal_metadata".* FROM "ar_internal_metadata" WHERE "ar_internal_metadata"."key" = ? LIMIT ?[0m  [["key", "environment"], ["LIMIT", 1]]
  [1m[36mTRANSACTION (0.1ms)[0m  [1m[36mbegin transaction[0m
  [1m[36mActiveRecord::InternalMetadata Create (0.3ms)[0m  [1m[32mINSERT INTO "ar_internal_metadata" ("key", "value", "created_at", "updated_at") VALUES (?, ?, ?, ?)[0m  [["key", "environment"], ["value", "development"], ["created_at", "2023-03-27 03:52:37.914947"], ["updated_at", "2023-03-27 03:52:37.914947"]]
  [1m[36mTRANSACTION (82.3ms)[0m  [1m[36mcommit transaction[0m
  [1m[36mActiveRecord::SchemaMigration Pluck (0.5ms)[0m  [1m[34mSELECT "schema_migrations"."version" FROM "schema_migrations" ORDER BY "schema_migrations"."version" ASC[0m
  [1m[36mActiveRecord::SchemaMigration Pluck (0.2ms)[0m  [1m[34mSELECT "schema_migrations"."version" FROM "schema_migrations" ORDER BY "schema_migrations"."version" ASC[0m
  [1m[36mActiveRecord::SchemaMigration Pluck (0.1ms)[0m  [1m[34mSELECT "schema_migrations"."version" FROM "schema_migrations" ORDER BY "schema_migrations"."version" ASC[0m
  [1m[36mActiveRecord::SchemaMigration Pluck (0.1ms)[0m  [1m[34mSELECT "schema_migrations"."version" FROM "schema_migrations" ORDER BY "schema_migrations"."version" ASC[0m
  [1m[36mActiveRecord::SchemaMigration Pluck (0.2ms)[0m  [1m[34mSELECT "schema_migrations"."version" FROM "schema_migrations" ORDER BY "schema_migrations"."version" ASC[0m
  [1m[36mActiveRecord::SchemaMigration Pluck (0.1ms)[0m  [1m[34mSELECT "schema_migrations"."version" FROM "schema_migrations" ORDER BY "schema_migrations"."version" ASC[0m
  [1m[36mActiveRecord::SchemaMigration Pluck (0.2ms)[0m  [1m[34mSELECT "schema_migrations"."version" FROM "schema_migrations" ORDER BY "schema_migrations"."version" ASC[0m
  [1m[36mTRANSACTION (0.1ms)[0m  [1m[36mbegin transaction[0m
  [1m[36mHero Create (0.4ms)[0m  [1m[32mINSERT INTO "heros" ("name", "super_name", "created_at", "updated_at") VALUES (?, ?, ?, ?)[0m  [["name", "Xarfax"], ["super_name", "Supah Daredevil of Hearts"], ["created_at", "2023-03-27 07:50:46.686879"], ["updated_at", "2023-03-27 07:50:46.686879"]]
  [1m[36mTRANSACTION (83.3ms)[0m  [1m[36mcommit transaction[0m
  [1m[36mTRANSACTION (0.2ms)[0m  [1m[36mbegin transaction[0m
  [1m[36mHero Create (0.7ms)[0m  [1m[32mINSERT INTO "heros" ("name", "super_name", "created_at", "updated_at") VALUES (?, ?, ?, ?)[0m  [["name", "Thant"], ["super_name", "Captain Ajax"], ["created_at", "2023-03-27 07:50:46.778818"], ["updated_at", "2023-03-27 07:50:46.778818"]]
  [1m[36mTRANSACTION (67.8ms)[0m  [1m[36mcommit transaction[0m
  [1m[36mTRANSACTION (0.1ms)[0m  [1m[36mbegin transaction[0m
  [1m[36mHero Create (0.5ms)[0m  [1m[32mINSERT INTO "heros" ("name", "super_name", "created_at", "updated_at") VALUES (?, ?, ?, ?)[0m  [["name", "Ignissa"], ["super_name", "Cloak Strike"], ["created_at", "2023-03-27 07:50:46.857692"], ["updated_at", "2023-03-27 07:50:46.857692"]]
  [1m[36mTRANSACTION (107.8ms)[0m  [1m[36mcommit transaction[0m
  [1m[36mTRANSACTION (0.2ms)[0m  [1m[36mbegin transaction[0m
  [1m[36mHero Create (0.8ms)[0m  [1m[32mINSERT INTO "heros" ("name", "super_name", "created_at", "updated_at") VALUES (?, ?, ?, ?)[0m  [["name", "Josephine"], ["super_name", "Supah Plastique Dragon"], ["created_at", "2023-03-27 07:50:46.974177"], ["updated_at", "2023-03-27 07:50:46.974177"]]
  [1m[36mTRANSACTION (66.9ms)[0m  [1m[36mcommit transaction[0m
  [1m[36mActiveRecord::SchemaMigration Pluck (0.1ms)[0m  [1m[34mSELECT "schema_migrations"."version" FROM "schema_migrations" ORDER BY "schema_migrations"."version" ASC[0m
  [1m[36mActiveRecord::SchemaMigration Pluck (0.2ms)[0m  [1m[34mSELECT "schema_migrations"."version" FROM "schema_migrations" ORDER BY "schema_migrations"."version" ASC[0m
  [1m[36mActiveRecord::SchemaMigration Pluck (0.1ms)[0m  [1m[34mSELECT "schema_migrations"."version" FROM "schema_migrations" ORDER BY "schema_migrations"."version" ASC[0m
  [1m[36mActiveRecord::SchemaMigration Pluck (0.2ms)[0m  [1m[34mSELECT "schema_migrations"."version" FROM "schema_migrations" ORDER BY "schema_migrations"."version" ASC[0m
  [1m[36mActiveRecord::SchemaMigration Pluck (0.1ms)[0m  [1m[34mSELECT "schema_migrations"."version" FROM "schema_migrations" ORDER BY "schema_migrations"."version" ASC[0m
  [1m[36mActiveRecord::SchemaMigration Pluck (0.1ms)[0m  [1m[34mSELECT "schema_migrations"."version" FROM "schema_migrations" ORDER BY "schema_migrations"."version" ASC[0m
  [1m[36mActiveRecord::SchemaMigration Pluck (0.1ms)[0m  [1m[34mSELECT "schema_migrations"."version" FROM "schema_migrations" ORDER BY "schema_migrations"."version" ASC[0m
  [1m[36mActiveRecord::SchemaMigration Pluck (0.1ms)[0m  [1m[34mSELECT "schema_migrations"."version" FROM "schema_migrations" ORDER BY "schema_migrations"."version" ASC[0m
  [1m[36mActiveRecord::SchemaMigration Pluck (0.1ms)[0m  [1m[34mSELECT "schema_migrations"."version" FROM "schema_migrations" ORDER BY "schema_migrations"."version" ASC[0m
  [1m[36mTRANSACTION (0.1ms)[0m  [1m[36mbegin transaction[0m
  [1m[36mPower Create (0.3ms)[0m  [1m[32mINSERT INTO "powers" ("name", "description", "created_at", "updated_at") VALUES (?, ?, ?, ?)[0m  [["name", "Possession"], ["description", "Hnn-rowr ru wyaaaaaa yrroonn ruh roo ru hnn-rowr ooma ga rarr?"], ["created_at", "2023-03-27 08:12:38.786744"], ["updated_at", "2023-03-27 08:12:38.786744"]]
  [1m[36mTRANSACTION (216.4ms)[0m  [1m[36mcommit transaction[0m
  [1m[36mActiveRecord::SchemaMigration Pluck (0.2ms)[0m  [1m[34mSELECT "schema_migrations"."version" FROM "schema_migrations" ORDER BY "schema_migrations"."version" ASC[0m
  [1m[36mTRANSACTION (0.1ms)[0m  [1m[36mbegin transaction[0m
  [1m[36mPower Create (0.3ms)[0m  [1m[32mINSERT INTO "powers" ("name", "description", "created_at", "updated_at") VALUES (?, ?, ?, ?)[0m  [["name", "Molecular Dissipation"], ["description", "Kabukk roo mumwa ur yrroonn ga roooarrgh mumwa youw roo!"], ["created_at", "2023-03-27 08:13:00.978672"], ["updated_at", "2023-03-27 08:13:00.978672"]]
  [1m[36mTRANSACTION (67.7ms)[0m  [1m[36mcommit transaction[0m
  [1m[36mActiveRecord::SchemaMigration Pluck (0.2ms)[0m  [1m[34mSELECT "schema_migrations"."version" FROM "schema_migrations" ORDER BY "schema_migrations"."version" ASC[0m
  [1m[36mActiveRecord::SchemaMigration Pluck (0.2ms)[0m  [1m[34mSELECT "schema_migrations"."version" FROM "schema_migrations" ORDER BY "schema_migrations"."version" ASC[0m
  [1m[36mTRANSACTION (0.1ms)[0m  [1m[36mbegin transaction[0m
  [1m[36mPower Create (0.3ms)[0m  [1m[32mINSERT INTO "powers" ("name", "description", "created_at", "updated_at") VALUES (?, ?, ?, ?)[0m  [["name", "Cloaking"], ["description", "Hnn-rowr wua mumwa wyaaaaaa wyaaaaaa huewaa wyogg ahuma."], ["created_at", "2023-03-27 08:13:39.361616"], ["updated_at", "2023-03-27 08:13:39.361616"]]
  [1m[36mTRANSACTION (70.3ms)[0m  [1m[36mcommit transaction[0m
  [1m[36mActiveRecord::SchemaMigration Pluck (0.2ms)[0m  [1m[34mSELECT "schema_migrations"."version" FROM "schema_migrations" ORDER BY "schema_migrations"."version" ASC[0m
  [1m[36mActiveRecord::SchemaMigration Pluck (0.1ms)[0m  [1m[34mSELECT "schema_migrations"."version" FROM "schema_migrations" ORDER BY "schema_migrations"."version" ASC[0m
  [1m[36mActiveRecord::SchemaMigration Pluck (0.2ms)[0m  [1m[34mSELECT "schema_migrations"."version" FROM "schema_migrations" ORDER BY "schema_migrations"."version" ASC[0m
  [1m[36mActiveRecord::SchemaMigration Pluck (0.1ms)[0m  [1m[34mSELECT "schema_migrations"."version" FROM "schema_migrations" ORDER BY "schema_migrations"."version" ASC[0m
  [1m[36mActiveRecord::SchemaMigration Pluck (0.1ms)[0m  [1m[34mSELECT "schema_migrations"."version" FROM "schema_migrations" ORDER BY "schema_migrations"."version" ASC[0m
  [1m[36mActiveRecord::SchemaMigration Pluck (0.1ms)[0m  [1m[34mSELECT "schema_migrations"."version" FROM "schema_migrations" ORDER BY "schema_migrations"."version" ASC[0m
  [1m[36mActiveRecord::SchemaMigration Pluck (0.2ms)[0m  [1m[34mSELECT "schema_migrations"."version" FROM "schema_migrations" ORDER BY "schema_migrations"."version" ASC[0m
Migrating to CreateHeroPowers (20230327034404)
  [1m[36mTRANSACTION (0.1ms)[0m  [1m[36mbegin transaction[0m
  [1m[35m (0.7ms)[0m  [1m[35mDROP TABLE "hero_powers"[0m
  [1m[36mActiveRecord::SchemaMigration Delete All (0.3ms)[0m  [1m[31mDELETE FROM "schema_migrations" WHERE "schema_migrations"."version" = ?[0m  [["version", "20230327034404"]]
  [1m[36mTRANSACTION (76.9ms)[0m  [1m[36mcommit transaction[0m
  [1m[36mActiveRecord::SchemaMigration Pluck (0.1ms)[0m  [1m[34mSELECT "schema_migrations"."version" FROM "schema_migrations" ORDER BY "schema_migrations"."version" ASC[0m
  [1m[36mActiveRecord::SchemaMigration Pluck (0.2ms)[0m  [1m[34mSELECT "schema_migrations"."version" FROM "schema_migrations" ORDER BY "schema_migrations"."version" ASC[0m
Migrating to CreateHeroPowers (20230327034404)
  [1m[36mTRANSACTION (0.1ms)[0m  [1m[36mbegin transaction[0m
  [1m[35m (0.4ms)[0m  [1m[35mCREATE TABLE "hero_powers" ("id" integer PRIMARY KEY AUTOINCREMENT NOT NULL, "strength" varchar NOT NULL, "hero_id" integer NOT NULL, "power_id" integer NOT NULL, "created_at" datetime(6) NOT NULL, "updated_at" datetime(6) NOT NULL)[0m
  [1m[36mActiveRecord::SchemaMigration Create (0.2ms)[0m  [1m[32mINSERT INTO "schema_migrations" ("version") VALUES (?)[0m  [["version", "20230327034404"]]
  [1m[36mTRANSACTION (72.9ms)[0m  [1m[36mcommit transaction[0m
  [1m[36mActiveRecord::InternalMetadata Load (0.4ms)[0m  [1m[34mSELECT "ar_internal_metadata".* FROM "ar_internal_metadata" WHERE "ar_internal_metadata"."key" = ? LIMIT ?[0m  [["key", "environment"], ["LIMIT", 1]]
  [1m[36mActiveRecord::SchemaMigration Pluck (0.1ms)[0m  [1m[34mSELECT "schema_migrations"."version" FROM "schema_migrations" ORDER BY "schema_migrations"."version" ASC[0m
  [1m[36mActiveRecord::SchemaMigration Pluck (0.2ms)[0m  [1m[34mSELECT "schema_migrations"."version" FROM "schema_migrations" ORDER BY "schema_migrations"."version" ASC[0m
  [1m[36mActiveRecord::SchemaMigration Pluck (0.2ms)[0m  [1m[34mSELECT "schema_migrations"."version" FROM "schema_migrations" ORDER BY "schema_migrations"."version" ASC[0m
  [1m[36mActiveRecord::SchemaMigration Pluck (0.1ms)[0m  [1m[34mSELECT "schema_migrations"."version" FROM "schema_migrations" ORDER BY "schema_migrations"."version" ASC[0m
  [1m[36mActiveRecord::SchemaMigration Pluck (0.1ms)[0m  [1m[34mSELECT "schema_migrations"."version" FROM "schema_migrations" ORDER BY "schema_migrations"."version" ASC[0m
  [1m[36mActiveRecord::SchemaMigration Pluck (0.1ms)[0m  [1m[34mSELECT "schema_migrations"."version" FROM "schema_migrations" ORDER BY "schema_migrations"."version" ASC[0m
Migrating to CreateHeroPowers (20230327034404)
  [1m[36mTRANSACTION (0.1ms)[0m  [1m[36mbegin transaction[0m
  [1m[35m (0.5ms)[0m  [1m[35mDROP TABLE "hero_powers"[0m
  [1m[36mActiveRecord::SchemaMigration Delete All (0.3ms)[0m  [1m[31mDELETE FROM "schema_migrations" WHERE "schema_migrations"."version" = ?[0m  [["version", "20230327034404"]]
  [1m[36mTRANSACTION (84.8ms)[0m  [1m[36mcommit transaction[0m
  [1m[36mActiveRecord::SchemaMigration Pluck (0.1ms)[0m  [1m[34mSELECT "schema_migrations"."version" FROM "schema_migrations" ORDER BY "schema_migrations"."version" ASC[0m
  [1m[36mActiveRecord::SchemaMigration Pluck (0.2ms)[0m  [1m[34mSELECT "schema_migrations"."version" FROM "schema_migrations" ORDER BY "schema_migrations"."version" ASC[0m
Migrating to CreateHeroPowers (20230327034404)
  [1m[36mTRANSACTION (0.1ms)[0m  [1m[36mbegin transaction[0m
  [1m[35m (0.6ms)[0m  [1m[35mCREATE TABLE "hero_powers" ("id" integer PRIMARY KEY AUTOINCREMENT NOT NULL, "strength" varchar NOT NULL, "hero_id" integer NOT NULL, "power_id" integer NOT NULL, "created_at" datetime(6) NOT NULL, "updated_at" datetime(6) NOT NULL, CONSTRAINT "fk_rails_a064e6fddd"
FOREIGN KEY ("hero_id")
  REFERENCES "heros" ("id")
, CONSTRAINT "fk_rails_1e7d81986f"
FOREIGN KEY ("power_id")
  REFERENCES "powers" ("id")
)[0m
  [1m[35m (0.2ms)[0m  [1m[35mCREATE INDEX "index_hero_powers_on_hero_id" ON "hero_powers" ("hero_id")[0m
  [1m[35m (0.3ms)[0m  [1m[35mCREATE INDEX "index_hero_powers_on_power_id" ON "hero_powers" ("power_id")[0m
  [1m[36mActiveRecord::SchemaMigration Create (0.2ms)[0m  [1m[32mINSERT INTO "schema_migrations" ("version") VALUES (?)[0m  [["version", "20230327034404"]]
  [1m[36mTRANSACTION (76.8ms)[0m  [1m[36mcommit transaction[0m
  [1m[36mActiveRecord::InternalMetadata Load (0.2ms)[0m  [1m[34mSELECT "ar_internal_metadata".* FROM "ar_internal_metadata" WHERE "ar_internal_metadata"."key" = ? LIMIT ?[0m  [["key", "environment"], ["LIMIT", 1]]
  [1m[36mActiveRecord::SchemaMigration Pluck (0.1ms)[0m  [1m[34mSELECT "schema_migrations"."version" FROM "schema_migrations" ORDER BY "schema_migrations"."version" ASC[0m
  [1m[36mActiveRecord::SchemaMigration Pluck (0.2ms)[0m  [1m[34mSELECT "schema_migrations"."version" FROM "schema_migrations" ORDER BY "schema_migrations"."version" ASC[0m
  [1m[36mTRANSACTION (0.1ms)[0m  [1m[36mbegin transaction[0m
  [1m[36mHero Load (0.1ms)[0m  [1m[34mSELECT "heros".* FROM "heros" WHERE "heros"."id" = ? LIMIT ?[0m  [["id", 1], ["LIMIT", 1]]
  [1m[36mPower Load (0.2ms)[0m  [1m[34mSELECT "powers".* FROM "powers" WHERE "powers"."id" = ? LIMIT ?[0m  [["id", 1], ["LIMIT", 1]]
  [1m[36mHeroPower Create (0.3ms)[0m  [1m[32mINSERT INTO "hero_powers" ("strength", "hero_id", "power_id", "created_at", "updated_at") VALUES (?, ?, ?, ?, ?)[0m  [["strength", "Strong"], ["hero_id", 1], ["power_id", 1], ["created_at", "2023-03-27 08:44:58.747168"], ["updated_at", "2023-03-27 08:44:58.747168"]]
  [1m[36mTRANSACTION (84.5ms)[0m  [1m[36mcommit transaction[0m
  [1m[36mTRANSACTION (0.1ms)[0m  [1m[36mbegin transaction[0m
  [1m[36mHero Load (0.2ms)[0m  [1m[34mSELECT "heros".* FROM "heros" WHERE "heros"."id" = ? LIMIT ?[0m  [["id", 1], ["LIMIT", 1]]
  [1m[36mPower Load (0.1ms)[0m  [1m[34mSELECT "powers".* FROM "powers" WHERE "powers"."id" = ? LIMIT ?[0m  [["id", 2], ["LIMIT", 1]]
  [1m[36mHeroPower Create (0.5ms)[0m  [1m[32mINSERT INTO "hero_powers" ("strength", "hero_id", "power_id", "created_at", "updated_at") VALUES (?, ?, ?, ?, ?)[0m  [["strength", "Weak"], ["hero_id", 1], ["power_id", 2], ["created_at", "2023-03-27 08:44:58.843706"], ["updated_at", "2023-03-27 08:44:58.843706"]]
  [1m[36mTRANSACTION (104.7ms)[0m  [1m[36mcommit transaction[0m
  [1m[36mTRANSACTION (0.1ms)[0m  [1m[36mbegin transaction[0m
  [1m[36mHero Load (0.2ms)[0m  [1m[34mSELECT "heros".* FROM "heros" WHERE "heros"."id" = ? LIMIT ?[0m  [["id", 1], ["LIMIT", 1]]
  [1m[36mPower Load (0.1ms)[0m  [1m[34mSELECT "powers".* FROM "powers" WHERE "powers"."id" = ? LIMIT ?[0m  [["id", 3], ["LIMIT", 1]]
  [1m[36mHeroPower Create (0.7ms)[0m  [1m[32mINSERT INTO "hero_powers" ("strength", "hero_id", "power_id", "created_at", "updated_at") VALUES (?, ?, ?, ?, ?)[0m  [["strength", "Average"], ["hero_id", 1], ["power_id", 3], ["created_at", "2023-03-27 08:44:58.960568"], ["updated_at", "2023-03-27 08:44:58.960568"]]
  [1m[36mTRANSACTION (81.2ms)[0m  [1m[36mcommit transaction[0m
  [1m[36mTRANSACTION (0.1ms)[0m  [1m[36mbegin transaction[0m
  [1m[36mHero Load (0.2ms)[0m  [1m[34mSELECT "heros".* FROM "heros" WHERE "heros"."id" = ? LIMIT ?[0m  [["id", 2], ["LIMIT", 1]]
  [1m[36mPower Load (0.1ms)[0m  [1m[34mSELECT "powers".* FROM "powers" WHERE "powers"."id" = ? LIMIT ?[0m  [["id", 2], ["LIMIT", 1]]
  [1m[36mHeroPower Create (0.6ms)[0m  [1m[32mINSERT INTO "hero_powers" ("strength", "hero_id", "power_id", "created_at", "updated_at") VALUES (?, ?, ?, ?, ?)[0m  [["strength", "Strong"], ["hero_id", 2], ["power_id", 2], ["created_at", "2023-03-27 08:44:59.058912"], ["updated_at", "2023-03-27 08:44:59.058912"]]
  [1m[36mTRANSACTION (65.0ms)[0m  [1m[36mcommit transaction[0m
  [1m[36mTRANSACTION (0.1ms)[0m  [1m[36mbegin transaction[0m
  [1m[36mHero Load (0.2ms)[0m  [1m[34mSELECT "heros".* FROM "heros" WHERE "heros"."id" = ? LIMIT ?[0m  [["id", 2], ["LIMIT", 1]]
  [1m[36mPower Load (0.1ms)[0m  [1m[34mSELECT "powers".* FROM "powers" WHERE "powers"."id" = ? LIMIT ?[0m  [["id", 1], ["LIMIT", 1]]
  [1m[36mHeroPower Create (0.5ms)[0m  [1m[32mINSERT INTO "hero_powers" ("strength", "hero_id", "power_id", "created_at", "updated_at") VALUES (?, ?, ?, ?, ?)[0m  [["strength", "Weak"], ["hero_id", 2], ["power_id", 1], ["created_at", "2023-03-27 08:44:59.137017"], ["updated_at", "2023-03-27 08:44:59.137017"]]
  [1m[36mTRANSACTION (68.0ms)[0m  [1m[36mcommit transaction[0m
  [1m[36mTRANSACTION (0.1ms)[0m  [1m[36mbegin transaction[0m
  [1m[36mHero Load (0.2ms)[0m  [1m[34mSELECT "heros".* FROM "heros" WHERE "heros"."id" = ? LIMIT ?[0m  [["id", 2], ["LIMIT", 1]]
  [1m[36mPower Load (0.2ms)[0m  [1m[34mSELECT "powers".* FROM "powers" WHERE "powers"."id" = ? LIMIT ?[0m  [["id", 3], ["LIMIT", 1]]
  [1m[36mHeroPower Create (0.6ms)[0m  [1m[32mINSERT INTO "hero_powers" ("strength", "hero_id", "power_id", "created_at", "updated_at") VALUES (?, ?, ?, ?, ?)[0m  [["strength", "Average"], ["hero_id", 2], ["power_id", 3], ["created_at", "2023-03-27 08:44:59.221498"], ["updated_at", "2023-03-27 08:44:59.221498"]]
  [1m[36mTRANSACTION (100.0ms)[0m  [1m[36mcommit transaction[0m
  [1m[36mTRANSACTION (0.1ms)[0m  [1m[36mbegin transaction[0m
  [1m[36mHero Load (0.4ms)[0m  [1m[34mSELECT "heros".* FROM "heros" WHERE "heros"."id" = ? LIMIT ?[0m  [["id", 3], ["LIMIT", 1]]
  [1m[36mPower Load (0.2ms)[0m  [1m[34mSELECT "powers".* FROM "powers" WHERE "powers"."id" = ? LIMIT ?[0m  [["id", 3], ["LIMIT", 1]]
  [1m[36mHeroPower Create (0.6ms)[0m  [1m[32mINSERT INTO "hero_powers" ("strength", "hero_id", "power_id", "created_at", "updated_at") VALUES (?, ?, ?, ?, ?)[0m  [["strength", "Strong"], ["hero_id", 3], ["power_id", 3], ["created_at", "2023-03-27 08:44:59.340745"], ["updated_at", "2023-03-27 08:44:59.340745"]]
  [1m[36mTRANSACTION (89.0ms)[0m  [1m[36mcommit transaction[0m
  [1m[36mTRANSACTION (0.2ms)[0m  [1m[36mbegin transaction[0m
  [1m[36mHero Load (0.2ms)[0m  [1m[34mSELECT "heros".* FROM "heros" WHERE "heros"."id" = ? LIMIT ?[0m  [["id", 3], ["LIMIT", 1]]
  [1m[36mPower Load (0.2ms)[0m  [1m[34mSELECT "powers".* FROM "powers" WHERE "powers"."id" = ? LIMIT ?[0m  [["id", 2], ["LIMIT", 1]]
  [1m[36mHeroPower Create (0.8ms)[0m  [1m[32mINSERT INTO "hero_powers" ("strength", "hero_id", "power_id", "created_at", "updated_at") VALUES (?, ?, ?, ?, ?)[0m  [["strength", "Weak"], ["hero_id", 3], ["power_id", 2], ["created_at", "2023-03-27 08:44:59.443720"], ["updated_at", "2023-03-27 08:44:59.443720"]]
  [1m[36mTRANSACTION (104.5ms)[0m  [1m[36mcommit transaction[0m
  [1m[36mTRANSACTION (0.1ms)[0m  [1m[36mbegin transaction[0m
  [1m[36mHero Load (0.2ms)[0m  [1m[34mSELECT "heros".* FROM "heros" WHERE "heros"."id" = ? LIMIT ?[0m  [["id", 3], ["LIMIT", 1]]
  [1m[36mPower Load (0.1ms)[0m  [1m[34mSELECT "powers".* FROM "powers" WHERE "powers"."id" = ? LIMIT ?[0m  [["id", 1], ["LIMIT", 1]]
  [1m[36mHeroPower Create (0.7ms)[0m  [1m[32mINSERT INTO "hero_powers" ("strength", "hero_id", "power_id", "created_at", "updated_at") VALUES (?, ?, ?, ?, ?)[0m  [["strength", "Average"], ["hero_id", 3], ["power_id", 1], ["created_at", "2023-03-27 08:44:59.563262"], ["updated_at", "2023-03-27 08:44:59.563262"]]
  [1m[36mTRANSACTION (102.3ms)[0m  [1m[36mcommit transaction[0m
  [1m[36mTRANSACTION (0.1ms)[0m  [1m[36mbegin transaction[0m
  [1m[36mHero Load (0.2ms)[0m  [1m[34mSELECT "heros".* FROM "heros" WHERE "heros"."id" = ? LIMIT ?[0m  [["id", 4], ["LIMIT", 1]]
  [1m[36mPower Load (0.2ms)[0m  [1m[34mSELECT "powers".* FROM "powers" WHERE "powers"."id" = ? LIMIT ?[0m  [["id", 1], ["LIMIT", 1]]
  [1m[36mHeroPower Create (0.7ms)[0m  [1m[32mINSERT INTO "hero_powers" ("strength", "hero_id", "power_id", "created_at", "updated_at") VALUES (?, ?, ?, ?, ?)[0m  [["strength", "Strong"], ["hero_id", 4], ["power_id", 1], ["created_at", "2023-03-27 08:44:59.700023"], ["updated_at", "2023-03-27 08:44:59.700023"]]
  [1m[36mTRANSACTION (67.6ms)[0m  [1m[36mcommit transaction[0m
  [1m[36mTRANSACTION (0.2ms)[0m  [1m[36mbegin transaction[0m
  [1m[36mHero Load (0.3ms)[0m  [1m[34mSELECT "heros".* FROM "heros" WHERE "heros"."id" = ? LIMIT ?[0m  [["id", 4], ["LIMIT", 1]]
  [1m[36mPower Load (0.2ms)[0m  [1m[34mSELECT "powers".* FROM "powers" WHERE "powers"."id" = ? LIMIT ?[0m  [["id", 2], ["LIMIT", 1]]
  [1m[36mHeroPower Create (0.9ms)[0m  [1m[32mINSERT INTO "hero_powers" ("strength", "hero_id", "power_id", "created_at", "updated_at") VALUES (?, ?, ?, ?, ?)[0m  [["strength", "Weak"], ["hero_id", 4], ["power_id", 2], ["created_at", "2023-03-27 08:44:59.788774"], ["updated_at", "2023-03-27 08:44:59.788774"]]
  [1m[36mTRANSACTION (75.0ms)[0m  [1m[36mcommit transaction[0m
  [1m[36mTRANSACTION (0.1ms)[0m  [1m[36mbegin transaction[0m
  [1m[36mHero Load (0.2ms)[0m  [1m[34mSELECT "heros".* FROM "heros" WHERE "heros"."id" = ? LIMIT ?[0m  [["id", 4], ["LIMIT", 1]]
  [1m[36mPower Load (0.3ms)[0m  [1m[34mSELECT "powers".* FROM "powers" WHERE "powers"."id" = ? LIMIT ?[0m  [["id", 3], ["LIMIT", 1]]
  [1m[36mHeroPower Create (0.7ms)[0m  [1m[32mINSERT INTO "hero_powers" ("strength", "hero_id", "power_id", "created_at", "updated_at") VALUES (?, ?, ?, ?, ?)[0m  [["strength", "Average"], ["hero_id", 4], ["power_id", 3], ["created_at", "2023-03-27 08:44:59.882073"], ["updated_at", "2023-03-27 08:44:59.882073"]]
  [1m[36mTRANSACTION (72.9ms)[0m  [1m[36mcommit transaction[0m
Started GET "/heros" for 127.0.0.1 at 2023-03-27 11:52:57 +0300
  [1m[36mActiveRecord::SchemaMigration Pluck (0.3ms)[0m  [1m[34mSELECT "schema_migrations"."version" FROM "schema_migrations" ORDER BY "schema_migrations"."version" ASC[0m
Processing by HerosController#index as */*
  [1m[36mHero Load (0.3ms)[0m  [1m[34mSELECT "heros".* FROM "heros"[0m
  ↳ app/controllers/heros_controller.rb:5:in `index'
Completed 200 OK in 87ms (Views: 39.5ms | ActiveRecord: 1.2ms | Allocations: 40319)


Started GET "/heros" for ::1 at 2023-03-27 11:55:50 +0300
Processing by HerosController#index as */*
  [1m[36mHero Load (0.2ms)[0m  [1m[34mSELECT "heros".* FROM "heros"[0m
  ↳ app/controllers/heros_controller.rb:5:in `index'
Completed 200 OK in 5ms (Views: 4.0ms | ActiveRecord: 0.2ms | Allocations: 1056)


Started GET "/heros/1" for 127.0.0.1 at 2023-03-27 12:03:56 +0300
  [1m[36mActiveRecord::SchemaMigration Pluck (0.2ms)[0m  [1m[34mSELECT "schema_migrations"."version" FROM "schema_migrations" ORDER BY "schema_migrations"."version" ASC[0m
Processing by HerosController#show as */*
  Parameters: {"id"=>"1"}
  [1m[36mHero Load (0.2ms)[0m  [1m[34mSELECT "heros".* FROM "heros" WHERE "heros"."id" = ? LIMIT ?[0m  [["id", 1], ["LIMIT", 1]]
  ↳ app/controllers/heros_controller.rb:9:in `show'
Completed 200 OK in 87ms (Views: 1.1ms | ActiveRecord: 1.1ms | Allocations: 40629)


Started GET "/heros/1" for 127.0.0.1 at 2023-03-27 12:05:13 +0300
  [1m[36mActiveRecord::SchemaMigration Pluck (0.2ms)[0m  [1m[34mSELECT "schema_migrations"."version" FROM "schema_migrations" ORDER BY "schema_migrations"."version" ASC[0m
Processing by HerosController#show as */*
  Parameters: {"id"=>"1"}
  [1m[36mHero Load (0.2ms)[0m  [1m[34mSELECT "heros".* FROM "heros" WHERE "heros"."id" = ? LIMIT ?[0m  [["id", 1], ["LIMIT", 1]]
  ↳ app/controllers/heros_controller.rb:9:in `show'
  [1m[36mPower Load (0.7ms)[0m  [1m[34mSELECT "powers".* FROM "powers" INNER JOIN "hero_powers" ON "powers"."id" = "hero_powers"."power_id" WHERE "hero_powers"."hero_id" = ?[0m  [["hero_id", 1]]
  ↳ app/controllers/heros_controller.rb:10:in `show'
Completed 200 OK in 1250ms (Views: 1167.6ms | ActiveRecord: 5.1ms | Allocations: 68582)


Started GET "/powers/1" for 127.0.0.1 at 2023-03-27 12:23:29 +0300
  [1m[36mActiveRecord::SchemaMigration Pluck (0.2ms)[0m  [1m[34mSELECT "schema_migrations"."version" FROM "schema_migrations" ORDER BY "schema_migrations"."version" ASC[0m
Processing by PowersController#show as */*
  Parameters: {"id"=>"1"}
  [1m[36mPower Load (0.2ms)[0m  [1m[34mSELECT "powers".* FROM "powers" WHERE "powers"."id" = ? LIMIT ?[0m  [["id", 1], ["LIMIT", 1]]
  ↳ app/controllers/powers_controller.rb:9:in `show'
Completed 200 OK in 82ms (Views: 0.7ms | ActiveRecord: 1.2ms | Allocations: 40717)


Started GET "/powers" for 127.0.0.1 at 2023-03-27 12:23:35 +0300
Processing by PowersController#index as */*
  [1m[36mPower Load (0.4ms)[0m  [1m[34mSELECT "powers".* FROM "powers"[0m
  ↳ app/controllers/powers_controller.rb:5:in `index'
Completed 200 OK in 7ms (Views: 6.1ms | ActiveRecord: 0.4ms | Allocations: 979)


Started GET "/1" for 127.0.0.1 at 2023-03-27 12:29:32 +0300
  [1m[36mActiveRecord::SchemaMigration Pluck (0.2ms)[0m  [1m[34mSELECT "schema_migrations"."version" FROM "schema_migrations" ORDER BY "schema_migrations"."version" ASC[0m
  
ActionController::RoutingError (No route matches [GET] "/1"):
  
Started GET "/powers/1" for 127.0.0.1 at 2023-03-27 12:29:44 +0300
Processing by PowersController#show as */*
  Parameters: {"id"=>"1"}
  [1m[36mPower Load (0.2ms)[0m  [1m[34mSELECT "powers".* FROM "powers" WHERE "powers"."id" = ? LIMIT ?[0m  [["id", 1], ["LIMIT", 1]]
  ↳ app/controllers/powers_controller.rb:9:in `show'
Completed 200 OK in 88ms (Views: 0.5ms | ActiveRecord: 1.3ms | Allocations: 40735)


Started GET "/powers/1" for 127.0.0.1 at 2023-03-27 12:32:07 +0300
  [1m[36mActiveRecord::SchemaMigration Pluck (0.2ms)[0m  [1m[34mSELECT "schema_migrations"."version" FROM "schema_migrations" ORDER BY "schema_migrations"."version" ASC[0m
Processing by PowersController#show as */*
  Parameters: {"id"=>"1"}
  [1m[36mPower Load (0.3ms)[0m  [1m[34mSELECT "powers".* FROM "powers" WHERE "powers"."id" = ? LIMIT ?[0m  [["id", 1], ["LIMIT", 1]]
  ↳ app/controllers/powers_controller.rb:9:in `show'
Completed 200 OK in 85ms (Views: 1.4ms | ActiveRecord: 1.1ms | Allocations: 40717)


Started PATCH "/powers/1" for 127.0.0.1 at 2023-03-27 12:33:50 +0300
Processing by PowersController#update as */*
  Parameters: {"description"=>"Can possess anything by taking a 2 minutes stare", "id"=>"1", "power"=>{"description"=>"Can possess anything by taking a 2 minutes stare"}}
  [1m[36mPower Load (0.3ms)[0m  [1m[34mSELECT "powers".* FROM "powers" WHERE "powers"."id" = ? LIMIT ?[0m  [["id", 1], ["LIMIT", 1]]
  ↳ app/controllers/powers_controller.rb:14:in `update'
[31mUnpermitted parameters: :id, :power. Context: { controller: PowersController, action: update, request: #<ActionDispatch::Request:0x00007febdc74a8e0>, params: {"description"=>"Can possess anything by taking a 2 minutes stare", "controller"=>"powers", "action"=>"update", "id"=>"1", "power"=>{"description"=>"Can possess anything by taking a 2 minutes stare"}} }[0m
  [1m[36mTRANSACTION (0.2ms)[0m  [1m[36mbegin transaction[0m
  ↳ app/controllers/powers_controller.rb:15:in `update'
  [1m[36mPower Update (0.7ms)[0m  [1m[33mUPDATE "powers" SET "description" = ?, "updated_at" = ? WHERE "powers"."id" = ?[0m  [["description", "Can possess anything by taking a 2 minutes stare"], ["updated_at", "2023-03-27 09:33:50.790186"], ["id", 1]]
  ↳ app/controllers/powers_controller.rb:15:in `update'
  [1m[36mTRANSACTION (72.2ms)[0m  [1m[36mcommit transaction[0m
  ↳ app/controllers/powers_controller.rb:15:in `update'
Completed 200 OK in 95ms (Views: 0.4ms | ActiveRecord: 73.4ms | Allocations: 2587)


Started GET "/powers/1" for 127.0.0.1 at 2023-03-27 12:34:12 +0300
Processing by PowersController#show as */*
  Parameters: {"description"=>"Can possess anything by taking a 2 minutes stare", "id"=>"1", "power"=>{"description"=>"Can possess anything by taking a 2 minutes stare"}}
  [1m[36mPower Load (0.4ms)[0m  [1m[34mSELECT "powers".* FROM "powers" WHERE "powers"."id" = ? LIMIT ?[0m  [["id", 1], ["LIMIT", 1]]
  ↳ app/controllers/powers_controller.rb:9:in `show'
Completed 200 OK in 9ms (Views: 1.6ms | ActiveRecord: 0.4ms | Allocations: 604)


